<?xml version="1.0" encoding="UTF-8"?>
<!-- Generated by org.testng.reporters.JUnitXMLReporter -->
<testsuite ignored="0" hostname="LAPTOP-RF7CNPCF" failures="2" tests="4" name="listenerTest" time="0.043" errors="0" timestamp="2022-06-04T18:20:53 IST">
  <testcase classname="ListenDemo.Sample" name="test1" time="0.006"/>
  <testcase classname="ListenDemo.Sample" name="test2" time="0.003">
    <failure type="java.lang.AssertionError" message="null">
      <![CDATA[java.lang.AssertionError: null
at ListenDemo.Sample.test2(Sample.java:16)
at java.base/java.util.ArrayList.forEach(ArrayList.java:1511)
... Removed 29 stack frames]]>
    </failure>
  </testcase> <!-- test2 -->
  <testcase classname="ListenDemo.Sample" name="test3" time="0.001"/>
  <testcase classname="ListenDemo.Sample" name="test4" time="0.001">
    <failure type="java.lang.AssertionError" message="null">
      <![CDATA[java.lang.AssertionError: null
at ListenDemo.Sample.test4(Sample.java:27)
at java.base/java.util.ArrayList.forEach(ArrayList.java:1511)
... Removed 29 stack frames]]>
    </failure>
  </testcase> <!-- test4 -->
</testsuite> <!-- listenerTest -->
